Performing C SOURCE FILE Test CMAKE_HAVE_LIBC_PTHREAD failed with the following output:
Change Dir: /home/samim/Projects/local/scientific/CXX/modern/modern_cxx_overview/materials/09google_test_project/build/CMakeFiles/CMakeTmp

Run Build Command(s):/usr/bin/make cmTC_1924d/fast && /usr/bin/make  -f CMakeFiles/cmTC_1924d.dir/build.make CMakeFiles/cmTC_1924d.dir/build
make[1]: Entering directory '/home/samim/Projects/local/scientific/CXX/modern/modern_cxx_overview/materials/09google_test_project/build/CMakeFiles/CMakeTmp'
Building C object CMakeFiles/cmTC_1924d.dir/src.c.o
/usr/bin/cc -DCMAKE_HAVE_LIBC_PTHREAD   -o CMakeFiles/cmTC_1924d.dir/src.c.o -c /home/samim/Projects/local/scientific/CXX/modern/modern_cxx_overview/materials/09google_test_project/build/CMakeFiles/CMakeTmp/src.c
Linking C executable cmTC_1924d
/usr/bin/cmake -E cmake_link_script CMakeFiles/cmTC_1924d.dir/link.txt --verbose=1
/usr/bin/cc -rdynamic CMakeFiles/cmTC_1924d.dir/src.c.o -o cmTC_1924d 
/usr/bin/ld: CMakeFiles/cmTC_1924d.dir/src.c.o: in function `main':
src.c:(.text+0x3e): undefined reference to `pthread_create'
/usr/bin/ld: src.c:(.text+0x4a): undefined reference to `pthread_detach'
/usr/bin/ld: src.c:(.text+0x56): undefined reference to `pthread_cancel'
/usr/bin/ld: src.c:(.text+0x67): undefined reference to `pthread_join'
collect2: error: ld returned 1 exit status
make[1]: *** [CMakeFiles/cmTC_1924d.dir/build.make:106: cmTC_1924d] Error 1
make[1]: Leaving directory '/home/samim/Projects/local/scientific/CXX/modern/modern_cxx_overview/materials/09google_test_project/build/CMakeFiles/CMakeTmp'
make: *** [Makefile:140: cmTC_1924d/fast] Error 2


Source file was:
#include <pthread.h>

static void* test_func(void* data)
{
  return data;
}

int main(void)
{
  pthread_t thread;
  pthread_create(&thread, NULL, test_func, NULL);
  pthread_detach(thread);
  pthread_cancel(thread);
  pthread_join(thread, NULL);
  pthread_atfork(NULL, NULL, NULL);
  pthread_exit(NULL);

  return 0;
}

Determining if the function pthread_create exists in the pthreads failed with the following output:
Change Dir: /home/samim/Projects/local/scientific/CXX/modern/modern_cxx_overview/materials/09google_test_project/build/CMakeFiles/CMakeTmp

Run Build Command(s):/usr/bin/make cmTC_d619b/fast && /usr/bin/make  -f CMakeFiles/cmTC_d619b.dir/build.make CMakeFiles/cmTC_d619b.dir/build
make[1]: Entering directory '/home/samim/Projects/local/scientific/CXX/modern/modern_cxx_overview/materials/09google_test_project/build/CMakeFiles/CMakeTmp'
Building C object CMakeFiles/cmTC_d619b.dir/CheckFunctionExists.c.o
/usr/bin/cc   -DCHECK_FUNCTION_EXISTS=pthread_create -o CMakeFiles/cmTC_d619b.dir/CheckFunctionExists.c.o -c /usr/share/cmake-3.19/Modules/CheckFunctionExists.c
Linking C executable cmTC_d619b
/usr/bin/cmake -E cmake_link_script CMakeFiles/cmTC_d619b.dir/link.txt --verbose=1
/usr/bin/cc  -DCHECK_FUNCTION_EXISTS=pthread_create -rdynamic CMakeFiles/cmTC_d619b.dir/CheckFunctionExists.c.o -o cmTC_d619b  -lpthreads 
/usr/bin/ld: cannot find -lpthreads
collect2: error: ld returned 1 exit status
make[1]: *** [CMakeFiles/cmTC_d619b.dir/build.make:106: cmTC_d619b] Error 1
make[1]: Leaving directory '/home/samim/Projects/local/scientific/CXX/modern/modern_cxx_overview/materials/09google_test_project/build/CMakeFiles/CMakeTmp'
make: *** [Makefile:140: cmTC_d619b/fast] Error 2



